TN:
SF:src/modules/fields/services/CreateField/CreateFieldService.ts
FN:15,(anonymous_18)
FN:16,CreateFieldService
FN:24,(anonymous_20)
FNF:3
FNH:3
FNDA:2,(anonymous_18)
FNDA:5,CreateFieldService
FNDA:6,(anonymous_20)
DA:1,2
DA:5,2
DA:15,2
DA:18,5
DA:21,5
DA:24,6
DA:25,6
DA:27,6
DA:28,1
DA:31,5
DA:32,1
DA:35,4
DA:37,4
DA:38,1
DA:41,3
DA:47,3
DA:49,2
DA:51,2
LF:18
LH:18
BRDA:25,0,0,6
BRDA:27,1,0,1
BRDA:27,1,1,5
BRDA:31,2,0,1
BRDA:31,2,1,4
BRDA:31,3,0,0
BRDA:31,3,1,5
BRDA:31,4,0,5
BRDA:31,4,1,5
BRDA:37,5,0,1
BRDA:37,5,1,3
BRF:11
BRH:10
end_of_record
TN:
SF:src/modules/fields/services/ShowFields/ShowFieldsService.ts
FN:6,(anonymous_17)
FN:7,ShowFieldsService
FN:12,(anonymous_19)
FNF:3
FNH:3
FNDA:1,(anonymous_17)
FNDA:1,ShowFieldsService
FNDA:1,(anonymous_19)
DA:1,1
DA:6,1
DA:9,1
DA:12,1
DA:13,1
DA:15,1
DA:17,1
DA:19,1
LF:8
LH:8
BRDA:13,0,0,1
BRF:1
BRH:1
end_of_record
TN:
SF:src/modules/reservations/services/CreateReservation/CreateReservationService.ts
FN:16,(anonymous_18)
FN:17,CreateReservationService
FN:22,(anonymous_20)
FNF:3
FNH:3
FNDA:1,(anonymous_18)
FNDA:5,CreateReservationService
FNDA:7,(anonymous_20)
DA:1,1
DA:2,1
DA:6,1
DA:16,1
DA:19,5
DA:22,1
DA:23,7
DA:24,7
DA:25,7
DA:26,7
DA:28,7
DA:30,7
DA:31,3
DA:34,4
DA:35,1
DA:40,3
DA:45,3
DA:46,0
DA:49,3
DA:56,3
DA:58,1
DA:60,1
LF:22
LH:21
BRDA:30,0,0,3
BRDA:30,0,1,4
BRDA:34,1,0,1
BRDA:34,1,1,3
BRDA:34,2,0,4
BRDA:34,2,1,3
BRDA:45,3,0,0
BRDA:45,3,1,3
BRF:8
BRH:7
end_of_record
TN:
SF:src/modules/types/services/CreateType/CreateTypeService.ts
FN:12,(anonymous_18)
FN:13,CreateTypeService
FN:18,(anonymous_20)
FNF:3
FNH:3
FNDA:2,(anonymous_18)
FNDA:3,CreateTypeService
FNDA:5,(anonymous_20)
DA:3,2
DA:4,2
DA:12,2
DA:15,3
DA:18,5
DA:19,5
DA:21,5
DA:22,1
DA:25,4
DA:30,4
DA:32,2
DA:34,2
LF:12
LH:12
BRDA:19,0,0,5
BRDA:21,1,0,1
BRDA:21,1,1,4
BRF:3
BRH:3
end_of_record
TN:
SF:src/modules/types/services/ShowTypes/ShowTypesService.ts
FN:6,(anonymous_17)
FN:7,ShowTypesService
FN:12,(anonymous_19)
FNF:3
FNH:3
FNDA:1,(anonymous_17)
FNDA:1,ShowTypesService
FNDA:1,(anonymous_19)
DA:3,1
DA:6,1
DA:9,1
DA:12,1
DA:13,1
DA:15,1
DA:17,1
DA:19,1
LF:8
LH:8
BRDA:13,0,0,1
BRF:1
BRH:1
end_of_record
TN:
SF:src/modules/users/services/AuthenticateUser/AuthenticateUserService.ts
FN:21,(anonymous_18)
FN:22,AuthenticateUserService
FN:30,(anonymous_20)
FNF:3
FNH:3
FNDA:1,(anonymous_18)
FNDA:3,AuthenticateUserService
FNDA:3,(anonymous_20)
DA:1,1
DA:2,1
DA:4,1
DA:8,1
DA:21,1
DA:24,3
DA:27,3
DA:30,3
DA:31,3
DA:33,3
DA:34,1
DA:37,2
DA:42,2
DA:43,1
DA:46,1
DA:48,1
DA:53,1
DA:58,1
DA:60,1
LF:19
LH:19
BRDA:31,0,0,3
BRDA:33,1,0,1
BRDA:33,1,1,2
BRDA:42,2,0,1
BRDA:42,2,1,1
BRF:5
BRH:5
end_of_record
TN:
SF:src/modules/users/services/CreateUser/CreateUserService.ts
FN:22,(anonymous_18)
FN:23,CreateUserService
FN:31,(anonymous_20)
FNF:3
FNH:3
FNDA:3,(anonymous_18)
FNDA:9,CreateUserService
FNDA:13,(anonymous_20)
DA:1,3
DA:3,3
DA:6,3
DA:22,3
DA:25,9
DA:28,9
DA:31,3
DA:32,13
DA:33,13
DA:34,13
DA:35,13
DA:36,13
DA:37,13
DA:38,13
DA:39,13
DA:41,13
DA:43,13
DA:44,1
DA:47,16
DA:48,8
DA:50,8
DA:51,1
DA:55,19
DA:56,3
DA:58,3
DA:59,1
DA:63,10
DA:65,10
DA:76,10
DA:78,3
DA:80,3
LF:31
LH:31
BRDA:41,0,0,13
BRDA:41,0,1,10
BRDA:43,1,0,1
BRDA:43,1,1,12
BRDA:47,2,0,4
BRDA:47,2,1,8
BRDA:47,3,0,12
BRDA:47,3,1,8
BRDA:50,4,0,1
BRDA:50,4,1,7
BRDA:55,5,0,8
BRDA:55,5,1,3
BRDA:55,6,0,11
BRDA:55,6,1,4
BRDA:58,7,0,1
BRDA:58,7,1,2
BRF:16
BRH:16
end_of_record
TN:
SF:src/modules/users/services/UpdateUserAvatar/UpdateUserAvatarService.ts
FN:14,(anonymous_18)
FN:15,UpdateUserAvatarService
FN:23,(anonymous_20)
FNF:3
FNH:3
FNDA:1,(anonymous_18)
FNDA:3,UpdateUserAvatarService
FNDA:4,(anonymous_20)
DA:1,1
DA:6,1
DA:14,1
DA:17,3
DA:20,3
DA:23,4
DA:24,4
DA:26,4
DA:27,1
DA:30,3
DA:31,1
DA:34,3
DA:36,3
DA:38,6
DA:40,3
DA:42,1
DA:44,1
LF:17
LH:17
BRDA:24,0,0,4
BRDA:26,1,0,1
BRDA:26,1,1,3
BRDA:30,2,0,1
BRDA:30,2,1,2
BRF:5
BRH:5
end_of_record
TN:
SF:src/modules/users/services/UpdateUserProfile/UpdateUserProfileService.ts
FN:19,(anonymous_18)
FN:20,UpdateUserProfileService
FN:28,(anonymous_20)
FNF:3
FNH:3
FNDA:1,(anonymous_18)
FNDA:7,UpdateUserProfileService
FNDA:7,(anonymous_20)
DA:1,1
DA:6,1
DA:19,1
DA:22,7
DA:25,7
DA:28,1
DA:29,7
DA:30,7
DA:31,7
DA:32,7
DA:33,7
DA:34,7
DA:35,7
DA:37,7
DA:39,7
DA:40,1
DA:43,6
DA:45,6
DA:46,1
DA:49,5
DA:50,5
DA:51,5
DA:53,5
DA:54,1
DA:57,5
DA:58,1
DA:63,6
DA:64,2
DA:69,2
DA:70,1
DA:73,1
DA:76,3
DA:78,1
DA:80,1
LF:34
LH:34
BRDA:37,0,0,7
BRDA:37,0,1,3
BRDA:39,1,0,1
BRDA:39,1,1,6
BRDA:45,2,0,1
BRDA:45,2,1,5
BRDA:45,3,0,6
BRDA:45,3,1,1
BRDA:53,4,0,1
BRDA:53,4,1,4
BRDA:57,5,0,1
BRDA:57,5,1,4
BRDA:57,6,0,5
BRDA:57,6,1,3
BRDA:63,7,0,2
BRDA:63,7,1,2
BRDA:63,8,0,4
BRDA:63,8,1,2
BRDA:69,9,0,1
BRDA:69,9,1,1
BRF:20
BRH:20
end_of_record
