TN:
SF:src/modules/fields/services/CreateField/CreateFieldService.ts
FN:12,(anonymous_18)
FN:13,CreateFieldService
FN:18,(anonymous_20)
FNF:3
FNH:3
FNDA:2,(anonymous_18)
FNDA:3,CreateFieldService
FNDA:4,(anonymous_20)
DA:1,2
DA:5,2
DA:12,2
DA:15,3
DA:18,4
DA:19,4
DA:21,4
DA:22,1
DA:25,3
DA:29,3
DA:31,2
DA:33,2
LF:12
LH:12
BRDA:19,0,0,4
BRDA:21,1,0,1
BRDA:21,1,1,3
BRF:3
BRH:3
end_of_record
TN:
SF:src/modules/fields/services/ShowFields/ShowFieldsService.ts
FN:6,(anonymous_17)
FN:7,ShowFieldsService
FN:12,(anonymous_19)
FNF:3
FNH:3
FNDA:1,(anonymous_17)
FNDA:1,ShowFieldsService
FNDA:1,(anonymous_19)
DA:1,1
DA:6,1
DA:9,1
DA:12,1
DA:13,1
DA:15,1
DA:17,1
DA:19,1
LF:8
LH:8
BRDA:13,0,0,1
BRF:1
BRH:1
end_of_record
TN:
SF:src/modules/reservations/services/CreateReservation/CreateReservationService.ts
FN:16,(anonymous_18)
FN:17,CreateReservationService
FN:22,(anonymous_20)
FNF:3
FNH:3
FNDA:1,(anonymous_18)
FNDA:5,CreateReservationService
FNDA:7,(anonymous_20)
DA:1,1
DA:2,1
DA:6,1
DA:16,1
DA:19,5
DA:22,1
DA:23,7
DA:24,7
DA:25,7
DA:26,7
DA:28,7
DA:30,7
DA:31,3
DA:34,4
DA:35,1
DA:40,3
DA:45,3
DA:46,0
DA:49,3
DA:56,3
DA:58,1
DA:60,1
LF:22
LH:21
BRDA:30,0,0,3
BRDA:30,0,1,4
BRDA:34,1,0,1
BRDA:34,1,1,3
BRDA:34,2,0,4
BRDA:34,2,1,3
BRDA:45,3,0,0
BRDA:45,3,1,3
BRF:8
BRH:7
end_of_record
TN:
SF:src/modules/types/services/CreateType/CreateTypeService.ts
FN:12,(anonymous_18)
FN:13,CreateTypeService
FN:18,(anonymous_20)
FNF:3
FNH:3
FNDA:1,(anonymous_18)
FNDA:2,CreateTypeService
FNDA:3,(anonymous_20)
DA:3,1
DA:4,1
DA:12,1
DA:15,2
DA:18,3
DA:19,3
DA:21,3
DA:22,1
DA:25,2
DA:30,2
DA:32,1
DA:34,1
LF:12
LH:12
BRDA:19,0,0,3
BRDA:21,1,0,1
BRDA:21,1,1,2
BRF:3
BRH:3
end_of_record
TN:
SF:src/modules/users/services/CreateUser/CreateUserService.ts
FN:15,(anonymous_18)
FN:16,CreateUserService
FN:24,(anonymous_20)
FNF:3
FNH:3
FNDA:1,(anonymous_18)
FNDA:2,CreateUserService
FNDA:3,(anonymous_20)
DA:1,1
DA:4,1
DA:15,1
DA:18,2
DA:21,2
DA:24,3
DA:25,3
DA:27,3
DA:28,1
DA:31,2
DA:33,2
DA:39,2
DA:41,1
DA:43,1
LF:14
LH:14
BRDA:25,0,0,3
BRDA:27,1,0,1
BRDA:27,1,1,2
BRF:3
BRH:3
end_of_record
TN:
SF:src/modules/users/services/UpdateUserAvatar/UpdateUserAvatarService.ts
FN:14,(anonymous_18)
FN:15,UpdateUserAvatarService
FN:23,(anonymous_20)
FNF:3
FNH:3
FNDA:1,(anonymous_18)
FNDA:3,UpdateUserAvatarService
FNDA:4,(anonymous_20)
DA:1,1
DA:6,1
DA:14,1
DA:17,3
DA:20,3
DA:23,4
DA:24,4
DA:26,4
DA:27,1
DA:30,3
DA:31,1
DA:34,3
DA:36,3
DA:38,6
DA:40,3
DA:42,1
DA:44,1
LF:17
LH:17
BRDA:24,0,0,4
BRDA:26,1,0,1
BRDA:26,1,1,3
BRDA:30,2,0,1
BRDA:30,2,1,2
BRF:5
BRH:5
end_of_record
TN:
SF:src/modules/users/services/UpdateUserProfile/UpdateUserProfileService.ts
FN:17,(anonymous_18)
FN:18,UpdateUserProfileService
FN:26,(anonymous_20)
FNF:3
FNH:3
FNDA:1,(anonymous_18)
FNDA:6,UpdateUserProfileService
FNDA:6,(anonymous_20)
DA:1,1
DA:6,1
DA:17,1
DA:20,6
DA:23,6
DA:26,1
DA:27,6
DA:28,6
DA:29,6
DA:30,6
DA:31,6
DA:33,6
DA:35,6
DA:36,1
DA:39,5
DA:41,5
DA:42,1
DA:45,4
DA:46,4
DA:48,4
DA:49,1
DA:54,4
DA:55,2
DA:60,2
DA:61,1
DA:64,1
DA:67,2
DA:69,1
DA:71,1
LF:29
LH:29
BRDA:33,0,0,6
BRDA:33,0,1,2
BRDA:35,1,0,1
BRDA:35,1,1,5
BRDA:41,2,0,1
BRDA:41,2,1,4
BRDA:41,3,0,5
BRDA:41,3,1,1
BRDA:48,4,0,1
BRDA:48,4,1,3
BRDA:48,5,0,4
BRDA:48,5,1,3
BRDA:54,6,0,1
BRDA:54,6,1,2
BRDA:54,7,0,3
BRDA:54,7,1,2
BRDA:60,8,0,1
BRDA:60,8,1,1
BRF:18
BRH:18
end_of_record
